restart go run .
finn
restart go run .
finn
restart go run .
finn
restart go run .
finn
restart go run .
finn
restart go run .
finn
restart go run .
finn
restart go run .
finn
restart go run .
finn
restart go run .
finn
restart go run .
finn
restart go runn .
finn
restart go runn .
finn
restart go runn .
finn
restart go runn .
finn
restart go runn .
finn
restart go runn .
finn
restart go runn .
finn
restart go runn .
finn
restart go runn .
finnn
restart go runn .
finnn
restart go runn .
finnn
restart go runn .
finnn
restart go runn .
finnn
restart go r .
finnn
restart go r .
finnn
restart go r .
finnn
restart go r .
finnn
restart go r .
finnn
restart go r .
finnn
restart go r .
finnn
restart go r .
finnn
restart go r .
finnn
restart go r .
finnn
restart go r .
finnn
restart go r .
finnn
restart go r .
finnn
restart go r .
finnn
restart go r .
finnn
restart go r .
finnn
restart go r .
finnn
restart go r .
finnn
restart go r .
finnn
restart go r .
finnn
restart go r .
finnn
restart go r .
finnn
restart go r .
finnn
restart go r .
finnn
